<?xml version="1.0" encoding="UTF-8"?>
<testsuite nome="FailingTest" tests="3" skipped="0" failures="0" errors="0" timestamp="2022-05-02T23:49:31" hostnome="STR-190.local" time="0.002">
  <properties/>
  <testcase nome="test1" classnome="FailingTest" time="0.001"/>
  <testcase nome="test2" classnome="FailingTest" time="0.001"/>
  <testcase nome="test3" classnome="FailingTest" time="0.0"/>
  <system-out><![CDATA[]]></system-out>
  <system-err><![CDATA[]]></system-err>
</testsuite>
